{"level":"info","message":"GET /"}
{"level":"info","message":"GET /api/test"}
{"level":"info","message":"GET /api/coucou"}
{"level":"info","message":"GET /"}
{"level":"info","message":"GET /api/linkedin/getLinkedinPosts"}
{"level":"info","message":"GET /api/users/getUser/1"}
{"level":"info","message":"GET /api/linkedin/getLinkedinPosts"}
{"level":"info","message":"GET /api/users/getUser/1"}
{"level":"info","message":"OPTIONS /api/auth/login"}
{"level":"info","message":"POST /api/auth/login"}
{"level":"info","message":"GET /api/linkedin/getLinkedinPosts"}
{"level":"info","message":"OPTIONS /api/auth/login"}
{"level":"info","message":"POST /api/auth/login"}
{"level":"info","message":"GET /api/linkedin/getLinkedinPosts"}
{"level":"info","message":"OPTIONS /api/auth/login"}
{"level":"info","message":"POST /api/auth/login"}
{"level":"info","message":"OPTIONS /api/auth/login"}
{"level":"info","message":"POST /api/auth/login"}
{"level":"info","message":"OPTIONS /api/auth/login"}
{"level":"info","message":"POST /api/auth/login"}
{"level":"info","message":"OPTIONS /api/auth/login"}
{"level":"info","message":"POST /api/auth/login"}
{"level":"info","message":"GET /api/linkedin/getLinkedinPosts"}
{"level":"info","message":"GET /api/entreprises/getEntreprises"}
{"level":"info","message":"GET /api/users/getUsers"}
{"level":"info","message":"GET /api/entreprises/getEntreprises"}
{"level":"info","message":"GET /api/auth/getLogins"}
{"level":"info","message":"GET /api/downloads/getDownloads"}
{"level":"info","message":"GET /api/users/getUsers"}
{"level":"info","message":"GET /api/entreprises/getEntreprises"}
{"level":"info","message":"GET /api/entreprises/getEntreprises"}
{"level":"info","message":"GET /api/entreprises/getEntreprises"}
{"level":"info","message":"GET /api/entreprises/getEntreprises"}
{"level":"info","message":"GET /api/entreprises/getEntreprises"}
{"level":"info","message":"GET /api/entreprises/getEntreprises"}
{"level":"info","message":"GET /api/entreprises/getEntreprises"}
{"level":"info","message":"GET /api/entreprises/getEntreprises"}
{"level":"info","message":"GET /api/entreprises/getEntreprises"}
{"level":"info","message":"GET /api/linkedin/getLinkedinPosts"}
{"level":"info","message":"GET /api/users/getUser/1"}
{"level":"info","message":"GET /api/users/getUser/1"}
{"level":"info","message":"GET /api/entreprises/getEntreprises"}
{"level":"info","message":"GET /api/entreprises/getEntreprises"}
{"level":"info","message":"GET /api/entreprises/getEntreprises"}
{"level":"info","message":"GET /api/entreprises/getEntreprises"}
{"level":"info","message":"GET /api/entreprises/getEntreprises"}
{"level":"info","message":"GET /api/entreprises/getEntreprises"}
{"level":"info","message":"GET /api/entreprises/getEntreprises"}
{"level":"info","message":"GET /api/entreprises/getEntreprises"}
{"level":"info","message":"GET /api/entreprises/getEntreprises"}
{"level":"info","message":"GET /api/entreprises/getEntreprises"}
{"level":"info","message":"GET /api/entreprises/getEntreprises"}
{"level":"info","message":"GET /api/entreprises/getEntreprises"}
{"level":"info","message":"GET /api/entreprises/getEntreprises"}
{"level":"info","message":"GET /api/linkedin/getLinkedinPosts"}
{"level":"info","message":"GET /api/users/getUser/1"}
{"level":"info","message":"GET /api/users/getUser/1"}
{"level":"info","message":"GET /api/entreprises/getEntreprises"}
{"level":"info","message":"GET /api/entreprises/getEntreprises"}
{"level":"info","message":"GET /api/entreprises/getEntreprises"}
{"level":"info","message":"GET /api/entreprises/getEntreprises"}
{"level":"info","message":"GET /api/users/getUser/1"}
{"level":"info","message":"GET /api/linkedin/getLinkedinPosts"}
{"level":"info","message":"GET /api/entreprises/getEntreprises"}
{"level":"info","message":"GET /api/users/getUser/1"}
{"level":"info","message":"GET /api/entreprises/getEntreprises"}
{"level":"info","message":"GET /api/entreprises/getEntreprises"}
{"level":"info","message":"GET /api/entreprises/getEntreprises"}
{"level":"info","message":"GET /api/entreprises/getEntreprises"}
{"level":"info","message":"GET /api/linkedin/getLinkedinPosts"}
{"level":"info","message":"GET /api/users/getUser/1"}
{"level":"info","message":"GET /api/users/getUser/1"}
{"level":"info","message":"GET /api/entreprises/getEntreprises"}
{"level":"info","message":"GET /api/entreprises/getEntreprises"}
{"level":"info","message":"GET /api/entreprises/getEntreprises"}
{"level":"info","message":"GET /api/entreprises/getEntreprises"}
{"level":"info","message":"GET /api/linkedin/getLinkedinPosts"}
{"level":"info","message":"GET /api/users/getUser/1"}
{"level":"info","message":"GET /api/entreprises/getEntreprises"}
{"level":"info","message":"GET /api/users/getUser/1"}
{"level":"info","message":"GET /api/entreprises/getEntreprises"}
{"level":"info","message":"GET /api/linkedin/getLinkedinPosts"}
{"level":"info","message":"GET /api/users/getUser/1"}
{"level":"info","message":"GET /api/users/getUser/1"}
{"level":"info","message":"GET /api/entreprises/getEntreprises"}
{"level":"info","message":"GET /api/entreprises/getEntreprises"}
{"level":"info","message":"GET /api/users/getUser/1"}
{"level":"info","message":"GET /api/linkedin/getLinkedinPosts"}
{"level":"info","message":"GET /api/entreprises/getEntreprises"}
{"level":"info","message":"GET /api/users/getUser/1"}
{"level":"info","message":"GET /api/entreprises/getEntreprises"}
{"level":"info","message":"GET /api/entreprises/getEntreprises"}
{"level":"info","message":"GET /api/entreprises/getEntreprises"}
{"level":"info","message":"GET /api/linkedin/getLinkedinPosts"}
{"level":"info","message":"GET /api/users/getUser/1"}
{"level":"info","message":"GET /api/entreprises/getEntreprises"}
{"level":"info","message":"GET /api/users/getUser/1"}
{"level":"info","message":"GET /api/entreprises/getEntreprises"}
{"level":"info","message":"GET /api/entreprises/getEntreprises"}
{"level":"info","message":"GET /api/entreprises/getEntreprises"}
{"level":"info","message":"GET /api/entreprises/getEntreprises"}
{"level":"info","message":"GET /api/entreprises/getEntreprises"}
{"level":"info","message":"GET /api/entreprises/getEntreprises"}
{"level":"info","message":"GET /api/entreprises/getEntreprises"}
{"level":"info","message":"GET /api/entreprises/getEntreprises"}
{"level":"info","message":"GET /api/entreprises/getEntreprises"}
{"level":"info","message":"GET /api/entreprises/getEntreprises"}
{"level":"info","message":"GET /api/entreprises/getEntreprises"}
{"level":"info","message":"OPTIONS /api/entreprises/addEntreprise"}
{"level":"info","message":"POST /api/entreprises/addEntreprise"}
{"level":"info","message":"OPTIONS /api/entreprises/addEntreprise"}
{"level":"info","message":"POST /api/entreprises/addEntreprise"}
{"level":"info","message":"GET /api/entreprises/getEntreprises"}
{"level":"info","message":"OPTIONS /api/entreprises/addEntreprise"}
{"level":"info","message":"POST /api/entreprises/addEntreprise"}
{"level":"info","message":"OPTIONS /api/entreprises/addEntreprise"}
{"level":"info","message":"POST /api/entreprises/addEntreprise"}
{"level":"info","message":"GET /api/entreprises/getEntreprises"}
{"level":"info","message":"OPTIONS /api/entreprises/addEntreprise"}
{"level":"info","message":"POST /api/entreprises/addEntreprise"}
{"level":"info","message":"GET /api/entreprises/getEntreprises"}
{"level":"info","message":"GET /api/entreprises/getEntreprises"}
{"level":"info","message":"GET /api/entreprises/getEntreprises"}
{"level":"info","message":"GET /api/entreprises/getEntreprises"}
{"level":"info","message":"GET /api/entreprises/getEntreprises"}
{"level":"info","message":"GET /api/users/getUser/1"}
{"level":"info","message":"GET /api/linkedin/getLinkedinPosts"}
{"level":"info","message":"GET /api/entreprises/getEntreprises"}
{"level":"info","message":"GET /api/users/getUser/1"}
{"level":"info","message":"OPTIONS /api/entreprises/updateEntreprise/2"}
{"level":"info","message":"PUT /api/entreprises/updateEntreprise/2"}
{"level":"info","message":"GET /api/users/getUser/1"}
{"level":"info","message":"GET /api/linkedin/getLinkedinPosts"}
{"level":"info","message":"GET /api/entreprises/getEntreprises"}
{"level":"info","message":"GET /api/users/getUser/1"}
{"level":"info","message":"OPTIONS /api/entreprises/updateEntreprise/2"}
{"level":"info","message":"PUT /api/entreprises/updateEntreprise/2"}
{"level":"info","message":"GET /api/linkedin/getLinkedinPosts"}
{"level":"info","message":"GET /api/users/getUser/1"}
{"level":"info","message":"GET /api/entreprises/getEntreprises"}
{"level":"info","message":"GET /api/users/getUser/1"}
{"level":"info","message":"OPTIONS /api/entreprises/updateEntreprise/2"}
{"level":"info","message":"PUT /api/entreprises/updateEntreprise/2"}
{"level":"info","message":"OPTIONS /api/entreprises/updateEntreprise/2"}
{"level":"info","message":"PUT /api/entreprises/updateEntreprise/2"}
{"level":"info","message":"GET /api/users/getUser/1"}
{"level":"info","message":"GET /api/linkedin/getLinkedinPosts"}
{"level":"info","message":"GET /api/users/getUser/1"}
{"level":"info","message":"GET /api/entreprises/getEntreprises"}
{"level":"info","message":"OPTIONS /api/entreprises/updateEntreprise/3"}
{"level":"info","message":"PUT /api/entreprises/updateEntreprise/3"}
{"level":"info","message":"GET /api/entreprises/getEntreprises"}
{"level":"info","message":"GET /api/entreprises/getEntreprises"}
{"level":"info","message":"GET /api/users/getUsers"}
{"level":"info","message":"GET /api/entreprises/getEntreprises"}
{"level":"info","message":"GET /api/users/getUsers"}
{"level":"info","message":"GET /api/users/getUsers"}
{"level":"info","message":"GET /api/users/getUsers"}
{"level":"info","message":"GET /api/users/getUsers"}
{"level":"info","message":"GET /api/entreprises/getEntreprises"}
{"level":"info","message":"GET /api/entreprises/getEntreprises"}
{"level":"info","message":"GET /api/entreprises/getEntreprises"}
{"level":"info","message":"GET /api/entreprises/getEntreprises"}
{"level":"info","message":"GET /api/entreprises/getEntreprises"}
{"level":"info","message":"GET /api/entreprises/getEntreprises"}
{"level":"info","message":"GET /api/linkedin/getLinkedinPosts"}
{"level":"info","message":"GET /api/users/getUser/1"}
{"level":"info","message":"GET /api/users/getUsers"}
{"level":"info","message":"GET /api/users/getUser/1"}
{"level":"info","message":"GET /api/entreprises/getEntreprises"}
{"level":"info","message":"GET /api/entreprises/getEntreprises"}
{"level":"info","message":"OPTIONS /api/users/addUser"}
{"level":"info","message":"POST /api/users/addUser"}
{"level":"info","message":"GET /api/linkedin/getLinkedinPosts"}
{"level":"info","message":"GET /api/users/getUser/1"}
{"level":"info","message":"GET /api/users/getUser/1"}
{"level":"info","message":"GET /api/users/getUsers"}
{"level":"info","message":"GET /api/entreprises/getEntreprises"}
{"level":"info","message":"GET /api/entreprises/getEntreprises"}
{"level":"info","message":"GET /api/users/getUsers"}
{"level":"info","message":"GET /api/users/getUsers"}
{"level":"info","message":"GET /api/entreprises/getEntreprises"}
{"level":"info","message":"OPTIONS /api/users/addUser"}
{"level":"info","message":"POST /api/users/addUser"}
{"level":"info","message":"GET /api/users/getUser/1"}
{"level":"info","message":"GET /api/linkedin/getLinkedinPosts"}
{"level":"info","message":"GET /api/users/getUsers"}
{"level":"info","message":"GET /api/users/getUser/1"}
{"level":"info","message":"GET /api/entreprises/getEntreprises"}
{"level":"info","message":"GET /api/entreprises/getEntreprises"}
{"level":"info","message":"OPTIONS /api/users/updateUser/3"}
{"level":"info","message":"PUT /api/users/updateUser/3"}
{"level":"info","message":"GET /api/linkedin/getLinkedinPosts"}
{"level":"info","message":"GET /api/users/getUser/1"}
{"level":"info","message":"GET /api/users/getUsers"}
{"level":"info","message":"GET /api/users/getUser/1"}
{"level":"info","message":"GET /api/linkedin/getLinkedinPosts"}
{"level":"info","message":"GET /api/users/getUser/1"}
{"level":"info","message":"GET /api/users/getUser/1"}
{"level":"info","message":"GET /api/users/getUsers"}
{"level":"info","message":"GET /api/entreprises/getEntreprises"}
{"level":"info","message":"OPTIONS /api/users/updateUser/3"}
{"level":"info","message":"PUT /api/users/updateUser/3"}
{"level":"info","message":"GET /api/users/getUsers"}
{"level":"info","message":"GET /api/linkedin/getLinkedinPosts"}
{"level":"info","message":"GET /api/users/getUser/1"}
{"level":"info","message":"GET /api/users/getUsers"}
{"level":"info","message":"GET /api/users/getUser/1"}
{"level":"info","message":"GET /api/entreprises/getEntreprises"}
{"level":"info","message":"OPTIONS /api/users/updateUser/3"}
{"level":"info","message":"PUT /api/users/updateUser/3"}
{"level":"info","message":"GET /api/users/getUsers"}
{"level":"info","message":"GET /api/entreprises/getEntreprises"}
{"level":"info","message":"OPTIONS /api/users/updateUser/3"}
{"level":"info","message":"PUT /api/users/updateUser/3"}
{"level":"info","message":"GET /api/users/getUsers"}
{"level":"info","message":"GET /api/linkedin/getLinkedinPosts"}
{"level":"info","message":"GET /api/users/getUser/1"}
{"level":"info","message":"GET /api/users/getUser/1"}
{"level":"info","message":"GET /api/users/getUsers"}
{"level":"info","message":"GET /api/entreprises/getEntreprises"}
{"level":"info","message":"OPTIONS /api/users/updateUser/3"}
{"level":"info","message":"PUT /api/users/updateUser/3"}
{"level":"info","message":"GET /api/users/getUsers"}
{"level":"info","message":"GET /api/linkedin/getLinkedinPosts"}
{"level":"info","message":"GET /api/users/getUser/1"}
{"level":"info","message":"GET /api/users/getUsers"}
{"level":"info","message":"GET /api/users/getUser/1"}
{"level":"info","message":"GET /api/entreprises/getEntreprises"}
{"level":"info","message":"GET /api/users/getUsers"}
{"level":"info","message":"GET /api/entreprises/getEntreprises"}
{"level":"info","message":"GET /api/users/getUsers"}
{"level":"info","message":"GET /api/entreprises/getEntreprises"}
{"level":"info","message":"OPTIONS /api/users/updateUser/3"}
{"level":"info","message":"PUT /api/users/updateUser/3"}
{"level":"info","message":"GET /api/users/getUsers"}
{"level":"info","message":"GET /api/entreprises/getEntreprises"}
{"level":"info","message":"OPTIONS /api/users/updateUser/3"}
{"level":"info","message":"PUT /api/users/updateUser/3"}
{"level":"info","message":"GET /api/users/getUsers"}
{"level":"info","message":"GET /api/entreprises/getEntreprises"}
{"level":"info","message":"OPTIONS /api/users/updateUser/3"}
{"level":"info","message":"PUT /api/users/updateUser/3"}
{"level":"info","message":"GET /api/users/getUsers"}
{"level":"info","message":"GET /api/linkedin/getLinkedinPosts"}
{"level":"info","message":"GET /api/users/getUser/1"}
{"level":"info","message":"GET /api/users/getUsers"}
{"level":"info","message":"GET /api/users/getUser/1"}
{"level":"info","message":"GET /api/users/getUsers"}
{"level":"info","message":"GET /api/linkedin/getLinkedinPosts"}
{"level":"info","message":"GET /api/users/getUser/1"}
{"level":"info","message":"GET /api/users/getUsers"}
{"level":"info","message":"GET /api/users/getUser/1"}
{"level":"info","message":"GET /api/entreprises/getEntreprises"}
{"level":"info","message":"OPTIONS /api/users/updateUser/3"}
{"level":"info","message":"PUT /api/users/updateUser/3"}
{"level":"info","message":"GET /api/users/getUsers"}
{"level":"info","message":"GET /api/linkedin/getLinkedinPosts"}
{"level":"info","message":"GET /api/users/getUser/1"}
{"level":"info","message":"GET /api/users/getUsers"}
{"level":"info","message":"GET /api/users/getUser/1"}
{"level":"info","message":"GET /api/entreprises/getEntreprises"}
{"level":"info","message":"OPTIONS /api/users/updateUser/3"}
{"level":"info","message":"PUT /api/users/updateUser/3"}
{"level":"info","message":"GET /api/users/getUsers"}
{"level":"info","message":"GET /api/users/getUsers"}
{"level":"info","message":"GET /api/entreprises/getEntreprises"}
{"level":"info","message":"OPTIONS /api/users/updateUser/3"}
{"level":"info","message":"PUT /api/users/updateUser/3"}
{"level":"info","message":"GET /api/users/getUsers"}
{"level":"info","message":"GET /api/entreprises/getEntreprises"}
{"level":"info","message":"GET /api/entreprises/getEntreprises"}
{"level":"info","message":"GET /api/entreprises/getEntreprises"}
{"level":"info","message":"GET /api/entreprises/getEntreprises"}
{"level":"info","message":"GET /api/entreprises/getEntreprises"}
{"level":"info","message":"GET /api/entreprises/getEntreprises"}
{"level":"info","message":"GET /api/entreprises/getEntreprises"}
{"level":"info","message":"GET /api/entreprises/getEntreprises"}
{"level":"info","message":"GET /api/entreprises/getEntreprises"}
{"level":"info","message":"GET /api/entreprises/getEntreprises"}
{"level":"info","message":"GET /api/entreprises/getEntreprises"}
{"level":"info","message":"GET /api/entreprises/getEntreprises"}
{"level":"info","message":"GET /api/entreprises/getEntreprises"}
{"level":"info","message":"GET /api/entreprises/getEntreprises"}
{"level":"info","message":"OPTIONS /api/users/updateUser/3"}
{"level":"info","message":"PUT /api/users/updateUser/3"}
{"level":"info","message":"GET /api/users/getUsers"}
{"level":"info","message":"GET /api/entreprises/getEntreprises"}
{"level":"info","message":"OPTIONS /api/entreprises/updateEntreprise/3"}
{"level":"info","message":"PUT /api/entreprises/updateEntreprise/3"}
{"level":"info","message":"GET /api/users/getUsers"}
{"level":"info","message":"GET /api/entreprises/getEntreprises"}
{"level":"info","message":"GET /api/entreprises/getEntreprises"}
{"level":"info","message":"GET /api/entreprises/getEntreprises"}
{"level":"info","message":"GET /api/entreprises/getEntreprises"}
{"level":"info","message":"OPTIONS /api/users/updateUser/3"}
{"level":"info","message":"PUT /api/users/updateUser/3"}
{"level":"info","message":"GET /api/users/getUsers"}
{"level":"info","message":"GET /api/entreprises/getEntreprises"}
{"level":"info","message":"OPTIONS /api/users/updateUser/3"}
{"level":"info","message":"PUT /api/users/updateUser/3"}
{"level":"info","message":"GET /api/users/getUsers"}
{"level":"info","message":"GET /api/entreprises/getEntreprises"}
{"level":"info","message":"GET /api/entreprises/getEntreprises"}
{"level":"info","message":"OPTIONS /api/users/updateUser/2"}
{"level":"info","message":"PUT /api/users/updateUser/2"}
{"level":"info","message":"GET /api/users/getUsers"}
{"level":"info","message":"GET /api/entreprises/getEntreprises"}
{"level":"info","message":"GET /api/users/getUsers"}
{"level":"info","message":"GET /api/entreprises/getEntreprises"}
